 
NODE: 1
 
THREAD: 2
 
1598965940040
 Time taken to open and read the image is : 51.492368678000275 sec 
 Total Stars  [28461536]
 Total time taken 3.757134737999877 sec
69690
1598966009730
 
THREAD: 3
 
1598966016296
 Time taken to open and read the image is : 109.30624532299953 sec 
 Total Stars  [28523753]
 Total time taken 4.169071196000004 sec
133394
1598966149690
 
THREAD: 4
 
1598966154843
 Time taken to open and read the image is : 78.91985194900008 sec 
 Total Stars  [28586115]
 Total time taken 8.068493955999656 sec
129623
1598966284466

 
NODE: 1
 
THREAD: 5
 
1598997226255
 Time taken to open and read the image is : 61.33913924799708 sec 
 Total Stars  [14507274]
 Total time taken 2.6070855199941434 sec
74839
1598997301094
 
THREAD: 6
 
1598997306170
 Time taken to open and read the image is : 6.226864997996017 sec 
 Total Stars  [14571071]
 Total time taken 3.3080065090034623 sec
23452
1598997329622
 
THREAD: 7
 
1598997334667
 Time taken to open and read the image is : 8.676807445001032 sec 
 Total Stars  [14631599]
 Total time taken 4.226559790004103 sec
28505
1598997363172
 
THREAD: 8
 
1598997368217
 Time taken to open and read the image is : 9.89271410999936 sec 
 Total Stars  [14693948]
 Total time taken 5.482145882997429 sec
34144
1598997402361
 
 
NODE: 2
 
THREAD: 1
 
1598997497389
 Time taken to open and read the image is : 60.27934810199804 sec 
 Total Stars  [14318784]
 Total time taken 7.143328956000914 sec
149226
1598997646615
 
THREAD: 2
 
1598997651717
 Time taken to open and read the image is : 3.9003450509990216 sec 
 Total Stars  [14445862]
 Total time taken 7.226397548998648 sec
19493
1598997671210
 
THREAD: 3
 
1598997676407
 Time taken to open and read the image is : 3.8756368220056174 sec 
 Total Stars  [14571071]
 Total time taken 5.61391228899447 sec
18230
1598997694637
 
THREAD: 4
 
1598997699685
 Time taken to open and read the image is : 4.198385831994528 sec 
 Total Stars  [14693948]
 Total time taken 8.022882653000124 sec
22011
1598997721696
 
THREAD: 5
 
1598997726738
 Time taken to open and read the image is : 5.614299893997668 sec 
 Total Stars  [14814873]
 Total time taken 8.863682132003305 sec
27240
1598997753978
 
THREAD: 6
 
1598997759027
 Time taken to open and read the image is : 5.715806300002441 sec 
 Total Stars  [14941271]
 Total time taken 8.806501143000787 sec
29952
1598997788979
 
THREAD: 7
 
1598997794114
 Time taken to open and read the image is : 9.683704528004455 sec 
 Total Stars  [15064662]
 Total time taken 11.380542339000385 sec
39194
1598997833308
 
THREAD: 8
 
1598997838354
 Time taken to open and read the image is : 10.31798140200408 sec 
 Total Stars  [15186203]
 Total time taken 14.934424942999613 sec
48353
1598997886707
 
 
NODE: 3
 
THREAD: 1
 
1599002796922
 Time taken to open and read the image is : 7.084779737000645 sec 
 Total Stars  [14382064]
 Total time taken 10.036360099999001 sec
92519
1599002889441
 
THREAD: 2
 
1599002894567
 Time taken to open and read the image is : 3.9103367689967854 sec 
 Total Stars  [14571071]
 Total time taken 8.086681977001717 sec
20615
1599002915182
 
THREAD: 3
 
1599002920272
 Time taken to open and read the image is : 3.8924253109944402 sec 
 Total Stars  [14753712]
 Total time taken 9.356228486001783 sec
22816
1599002943088
 
THREAD: 4
 
1599002948155
 Time taken to open and read the image is : 4.2759797899998375 sec 
 Total Stars  [14941271]
 Total time taken 16.60343587999523 sec
33771
1599002981926
 
THREAD: 5
 
1599002986973
 Time taken to open and read the image is : 6.062623279001855 sec 
 Total Stars  [15122728]
 Total time taken 18.208463534007024 sec
39484
1599003026457
 
THREAD: 6
 
1599003031506
 Time taken to open and read the image is : 7.987937496996892 sec 
 Total Stars  [15310078]
 Total time taken 15.574158119998174 sec
40525
1599003072031
 
THREAD: 7
 
1599003077112
 Time taken to open and read the image is : 8.361325622005097 sec 
 Total Stars  [15493436]
 Total time taken 24.163475825000205 sec
51374
1599003128486
 
THREAD: 8
 
1599003133545
 Time taken to open and read the image is : 9.895074892003322 sec 
 Total Stars  [15681014]
 Total time taken 21.303322648003814 sec
57899
1599003191444
 
 
NODE: 4
 
THREAD: 1
 
1599003196574
 Time taken to open and read the image is : 20.081391137995524 sec 
 Total Stars  [14445862]
 Total time taken 8.987327549002657 sec
106042
1599003302616
 
THREAD: 2
 
1599003307961
 Time taken to open and read the image is : 3.875885311004822 sec 
 Total Stars  [14693948]
 Total time taken 12.796383589004108 sec
27113
1599003335074
 
THREAD: 3
 
1599003340203
 Time taken to open and read the image is : 4.298108176000824 sec 
 Total Stars  [14941271]
 Total time taken 16.11161046200141 sec
30360
1599003370563
 
THREAD: 4
 
1599003375610
 Time taken to open and read the image is : 5.2818892690047505 sec 
 Total Stars  [15186203]
 Total time taken 18.18217738900421 sec
34890
1599003410500
 
THREAD: 5
 
1599003415549
 Time taken to open and read the image is : 7.073187080997741 sec 
 Total Stars  [15431123]
 Total time taken 21.171040305001952 sec
42913
1599003458462
 
THREAD: 6
 
1599003463747
 Time taken to open and read the image is : 9.913617965001322 sec 
 Total Stars  [15681014]
 Total time taken 22.891953480997472 sec
50739
1599003514486
 
THREAD: 7
 
1599003519545
 Time taken to open and read the image is : 10.90214749500592 sec 
 Total Stars  [15928147]
 Total time taken 25.516509157001565 sec
58628
1599003578173
 
THREAD: 8
 
1599003583230
 Time taken to open and read the image is : 11.452441038003599 sec 
 Total Stars  [16171412]
 Total time taken 31.022281238998403 sec
70922
1599003654152
 
 
NODE: 5
 
THREAD: 1
 
1599003659274
 Time taken to open and read the image is : 12.67624546400475 sec 
 Total Stars  [14507274]
 Total time taken 11.32178009999916 sec
94777
1599003754051
 
THREAD: 2
 
1599003759107
 Time taken to open and read the image is : 3.9367720299997018 sec 
 Total Stars  [14814873]
 Total time taken 14.961314004998712 sec
29214
1599003788321
 
THREAD: 3
 
1599003793367
 Time taken to open and read the image is : 4.382949685998028 sec 
 Total Stars  [15122728]
 Total time taken 13.832558276000782 sec
31798
1599003825165
 
THREAD: 4
 
1599003830213
 Time taken to open and read the image is : 4.876332654996077 sec 
 Total Stars  [15431123]
 Total time taken 22.765875459997915 sec
41654
1599003871867
 
THREAD: 5
 
1599003876917
 Time taken to open and read the image is : 6.121635049996257 sec 
 Total Stars  [15736263]
 Total time taken 19.127778273999866 sec
42130
1599003919047
 
THREAD: 6
 
1599003924356
 Time taken to open and read the image is : 7.16332833100023 sec 
 Total Stars  [16046633]
 Total time taken 24.38536790699436 sec
49681
1599003974037
 
THREAD: 7
 
1599003979101
 Time taken to open and read the image is : 11.096142496004177 sec 
 Total Stars  [16354727]
 Total time taken 33.99531795600342 sec
66445
1599004045546
 
THREAD: 8
 
1599004050681
 Time taken to open and read the image is : 11.31151676599984 sec 
 Total Stars  [16659665]
 Total time taken 35.31035894500383 sec
72416
1599004123097
 
 
