 
NODE: 1
 
THREAD: 2
 
1598407817472
10.829891204833984
10.829891204833984
1598407830361
 
mysql -u root -pqazwsxedc mytestdb -ss -e "SELECT avg(p1) from kmeans where timestamp between 1598407817481 and 1598407830373;SELECT avg(p2) from kmeans where timestamp between 1598407817481 and 1598407830373;SELECT avg(p3) from kmeans where timestamp between 1598407817481 and 1598407830373;SELECT avg(p4) from kmeans where timestamp between 1598407817481 and 1598407830373;SELECT avg(p5) from kmeans where timestamp between 1598407817481 and 1598407830373;SELECT avg(p6) from kmeans where timestamp between 1598407817481 and 1598407830373;"
 
THREAD: 3
 
1598407835418
10.18035101890564
10.180351734161377
10.18035101890564
1598407846924
 
mysql -u root -pqazwsxedc mytestdb -ss -e "SELECT avg(p1) from kmeans where timestamp between 1598407835434 and 1598407846934;SELECT avg(p2) from kmeans where timestamp between 1598407835434 and 1598407846934;SELECT avg(p3) from kmeans where timestamp between 1598407835434 and 1598407846934;SELECT avg(p4) from kmeans where timestamp between 1598407835434 and 1598407846934;SELECT avg(p5) from kmeans where timestamp between 1598407835434 and 1598407846934;SELECT avg(p6) from kmeans where timestamp between 1598407835434 and 1598407846934;"
 
THREAD: 4
 
1598407851974
10.546515226364136
10.546515226364136
10.546515226364136
10.546515226364136
1598407864049
 
mysql -u root -pqazwsxedc mytestdb -ss -e "SELECT avg(p1) from kmeans where timestamp between 1598407851983 and 1598407864060;SELECT avg(p2) from kmeans where timestamp between 1598407851983 and 1598407864060;SELECT avg(p3) from kmeans where timestamp between 1598407851983 and 1598407864060;SELECT avg(p4) from kmeans where timestamp between 1598407851983 and 1598407864060;SELECT avg(p5) from kmeans where timestamp between 1598407851983 and 1598407864060;SELECT avg(p6) from kmeans where timestamp between 1598407851983 and 1598407864060;"
 
THREAD: 5
 
1598407869110
15.161288022994995
15.161288022994995
15.161288022994995
15.181066513061523
15.181065320968628
1598407886324
 
mysql -u root -pqazwsxedc mytestdb -ss -e "SELECT avg(p1) from kmeans where timestamp between 1598407869122 and 1598407886338;SELECT avg(p2) from kmeans where timestamp between 1598407869122 and 1598407886338;SELECT avg(p3) from kmeans where timestamp between 1598407869122 and 1598407886338;SELECT avg(p4) from kmeans where timestamp between 1598407869122 and 1598407886338;SELECT avg(p5) from kmeans where timestamp between 1598407869122 and 1598407886338;SELECT avg(p6) from kmeans where timestamp between 1598407869122 and 1598407886338;"
 
THREAD: 6
 
1598407891384
17.842921257019043
17.8429217338562
17.842921257019043
17.852803945541382
17.852805376052856
17.86273431777954
1598407911744
 
mysql -u root -pqazwsxedc mytestdb -ss -e "SELECT avg(p1) from kmeans where timestamp between 1598407891400 and 1598407911754;SELECT avg(p2) from kmeans where timestamp between 1598407891400 and 1598407911754;SELECT avg(p3) from kmeans where timestamp between 1598407891400 and 1598407911754;SELECT avg(p4) from kmeans where timestamp between 1598407891400 and 1598407911754;SELECT avg(p5) from kmeans where timestamp between 1598407891400 and 1598407911754;SELECT avg(p6) from kmeans where timestamp between 1598407891400 and 1598407911754;"
 
THREAD: 7
 
1598407916798
20.731369972229004
20.731370210647583
20.731369972229004
20.74128532409668
20.74128532409668
20.741285800933838
20.751225471496582
1598407940537
 
mysql -u root -pqazwsxedc mytestdb -ss -e "SELECT avg(p1) from kmeans where timestamp between 1598407916857 and 1598407940566;SELECT avg(p2) from kmeans where timestamp between 1598407916857 and 1598407940566;SELECT avg(p3) from kmeans where timestamp between 1598407916857 and 1598407940566;SELECT avg(p4) from kmeans where timestamp between 1598407916857 and 1598407940566;SELECT avg(p5) from kmeans where timestamp between 1598407916857 and 1598407940566;SELECT avg(p6) from kmeans where timestamp between 1598407916857 and 1598407940566;"
 
THREAD: 8
 
1598407945696
23.616260766983032
23.616260528564453
23.626180410385132
23.62670874595642
23.626710414886475
23.636123180389404
23.636122465133667
23.63663911819458
1598407972480
 
mysql -u root -pqazwsxedc mytestdb -ss -e "SELECT avg(p1) from kmeans where timestamp between 1598407945721 and 1598407972509;SELECT avg(p2) from kmeans where timestamp between 1598407945721 and 1598407972509;SELECT avg(p3) from kmeans where timestamp between 1598407945721 and 1598407972509;SELECT avg(p4) from kmeans where timestamp between 1598407945721 and 1598407972509;SELECT avg(p5) from kmeans where timestamp between 1598407945721 and 1598407972509;SELECT avg(p6) from kmeans where timestamp between 1598407945721 and 1598407972509;"
 
THREAD: 9
 
1598407977650
26.866799354553223
26.886679887771606
26.886681079864502
26.896663188934326
26.89666223526001
26.906676054000854
26.906676292419434
26.916661262512207
26.936671018600464
1598408008552
 
mysql -u root -pqazwsxedc mytestdb -ss -e "SELECT avg(p1) from kmeans where timestamp between 1598407977681 and 1598408008580;SELECT avg(p2) from kmeans where timestamp between 1598407977681 and 1598408008580;SELECT avg(p3) from kmeans where timestamp between 1598407977681 and 1598408008580;SELECT avg(p4) from kmeans where timestamp between 1598407977681 and 1598408008580;SELECT avg(p5) from kmeans where timestamp between 1598407977681 and 1598408008580;SELECT avg(p6) from kmeans where timestamp between 1598407977681 and 1598408008580;"
 
THREAD: 10
 
1598408013669
31.721566438674927
31.731621980667114
31.731621265411377
31.731621265411377
31.73201632499695
31.741568565368652
31.74156880378723
31.751585721969604
31.7515869140625
31.751585483551025
1598408049521
 
mysql -u root -pqazwsxedc mytestdb -ss -e "SELECT avg(p1) from kmeans where timestamp between 1598408013678 and 1598408049535;SELECT avg(p2) from kmeans where timestamp between 1598408013678 and 1598408049535;SELECT avg(p3) from kmeans where timestamp between 1598408013678 and 1598408049535;SELECT avg(p4) from kmeans where timestamp between 1598408013678 and 1598408049535;SELECT avg(p5) from kmeans where timestamp between 1598408013678 and 1598408049535;SELECT avg(p6) from kmeans where timestamp between 1598408013678 and 1598408049535;"
 
THREAD: 11
 
1598408054579
32.70088243484497
32.7108838558197
32.71088361740112
32.72087907791138
32.72087836265564
32.72087836265564
32.730878829956055
32.73087739944458
32.74086904525757
32.74086880683899
32.75088882446289
1598408091847
 
mysql -u root -pqazwsxedc mytestdb -ss -e "SELECT avg(p1) from kmeans where timestamp between 1598408054589 and 1598408091860;SELECT avg(p2) from kmeans where timestamp between 1598408054589 and 1598408091860;SELECT avg(p3) from kmeans where timestamp between 1598408054589 and 1598408091860;SELECT avg(p4) from kmeans where timestamp between 1598408054589 and 1598408091860;SELECT avg(p5) from kmeans where timestamp between 1598408054589 and 1598408091860;SELECT avg(p6) from kmeans where timestamp between 1598408054589 and 1598408091860;"
 
THREAD: 12
 
1598408096907
35.3202588558197
35.32663559913635
35.326634883880615
35.33662724494934
35.336626052856445
35.346606492996216
35.353598833084106
35.35409355163574
35.35659742355347
35.37659406661987
35.38660550117493
35.38660550117493
1598408137211
 
mysql -u root -pqazwsxedc mytestdb -ss -e "SELECT avg(p1) from kmeans where timestamp between 1598408096923 and 1598408137225;SELECT avg(p2) from kmeans where timestamp between 1598408096923 and 1598408137225;SELECT avg(p3) from kmeans where timestamp between 1598408096923 and 1598408137225;SELECT avg(p4) from kmeans where timestamp between 1598408096923 and 1598408137225;SELECT avg(p5) from kmeans where timestamp between 1598408096923 and 1598408137225;SELECT avg(p6) from kmeans where timestamp between 1598408096923 and 1598408137225;"
 
 
NODE: 2
 
THREAD: 1
 
1598408193292
12.500456809997559
-7.2882397174835205
1598408208045
 
mysql -u root -pqazwsxedc mytestdb -ss -e "SELECT avg(p1) from kmeans where timestamp between 1598408193301 and 1598408208056;SELECT avg(p2) from kmeans where timestamp between 1598408193301 and 1598408208056;SELECT avg(p3) from kmeans where timestamp between 1598408193301 and 1598408208056;SELECT avg(p4) from kmeans where timestamp between 1598408193301 and 1598408208056;SELECT avg(p5) from kmeans where timestamp between 1598408193301 and 1598408208056;SELECT avg(p6) from kmeans where timestamp between 1598408193301 and 1598408208056;"
 
THREAD: 2
 
1598408213097
10.586726427078247
10.586726188659668
-9.210747957229614
-9.210747718811035
1598408225290
 
mysql -u root -pqazwsxedc mytestdb -ss -e "SELECT avg(p1) from kmeans where timestamp between 1598408213107 and 1598408225303;SELECT avg(p2) from kmeans where timestamp between 1598408213107 and 1598408225303;SELECT avg(p3) from kmeans where timestamp between 1598408213107 and 1598408225303;SELECT avg(p4) from kmeans where timestamp between 1598408213107 and 1598408225303;SELECT avg(p5) from kmeans where timestamp between 1598408213107 and 1598408225303;SELECT avg(p6) from kmeans where timestamp between 1598408213107 and 1598408225303;"
 
THREAD: 3
 
1598408230345
21.63639211654663
21.63639187812805
21.636627197265625
1.8244493007659912
1.8247997760772705
1.8248844146728516
1598408253968
 
mysql -u root -pqazwsxedc mytestdb -ss -e "SELECT avg(p1) from kmeans where timestamp between 1598408230354 and 1598408253981;SELECT avg(p2) from kmeans where timestamp between 1598408230354 and 1598408253981;SELECT avg(p3) from kmeans where timestamp between 1598408230354 and 1598408253981;SELECT avg(p4) from kmeans where timestamp between 1598408230354 and 1598408253981;SELECT avg(p5) from kmeans where timestamp between 1598408230354 and 1598408253981;SELECT avg(p6) from kmeans where timestamp between 1598408230354 and 1598408253981;"
 
THREAD: 4
 
1598408259021
14.338217735290527
14.33810567855835
14.338193893432617
-5.484875202178955
-5.484874486923218
14.339189529418945
-5.483821153640747
-5.466050386428833
1598408275721
 
mysql -u root -pqazwsxedc mytestdb -ss -e "SELECT avg(p1) from kmeans where timestamp between 1598408259033 and 1598408275734;SELECT avg(p2) from kmeans where timestamp between 1598408259033 and 1598408275734;SELECT avg(p3) from kmeans where timestamp between 1598408259033 and 1598408275734;SELECT avg(p4) from kmeans where timestamp between 1598408259033 and 1598408275734;SELECT avg(p5) from kmeans where timestamp between 1598408259033 and 1598408275734;SELECT avg(p6) from kmeans where timestamp between 1598408259033 and 1598408275734;"
 
THREAD: 5
 
1598408280802
3.2913761138916016
23.134140014648438
23.13442850112915
23.13452959060669
23.139607191085815
23.139607191085815
3.2958109378814697
3.3008525371551514
3.3014373779296875
3.320817232131958
1598408306835
 
mysql -u root -pqazwsxedc mytestdb -ss -e "SELECT avg(p1) from kmeans where timestamp between 1598408280818 and 1598408306850;SELECT avg(p2) from kmeans where timestamp between 1598408280818 and 1598408306850;SELECT avg(p3) from kmeans where timestamp between 1598408280818 and 1598408306850;SELECT avg(p4) from kmeans where timestamp between 1598408280818 and 1598408306850;SELECT avg(p5) from kmeans where timestamp between 1598408280818 and 1598408306850;SELECT avg(p6) from kmeans where timestamp between 1598408280818 and 1598408306850;"
 
THREAD: 6
 
1598408311932
9.83262014389038
29.705894470214844
29.70718812942505
29.707189559936523
9.849228858947754
29.70763325691223
9.849379777908325
9.849565505981445
9.86269998550415
9.862699747085571
29.721643209457397
29.72591805458069
1598408344715
 
mysql -u root -pqazwsxedc mytestdb -ss -e "SELECT avg(p1) from kmeans where timestamp between 1598408311944 and 1598408344728;SELECT avg(p2) from kmeans where timestamp between 1598408311944 and 1598408344728;SELECT avg(p3) from kmeans where timestamp between 1598408311944 and 1598408344728;SELECT avg(p4) from kmeans where timestamp between 1598408311944 and 1598408344728;SELECT avg(p5) from kmeans where timestamp between 1598408311944 and 1598408344728;SELECT avg(p6) from kmeans where timestamp between 1598408311944 and 1598408344728;"
 
THREAD: 7
 
1598408349771
36.2502965927124
36.25114393234253
36.250938177108765
16.37773036956787
36.2610604763031
16.38774800300598
16.387749195098877
36.288658618927
36.2910053730011
16.417710542678833
16.42776322364807
36.31006598472595
16.429581880569458
16.427834272384644
1598408389801
 
mysql -u root -pqazwsxedc mytestdb -ss -e "SELECT avg(p1) from kmeans where timestamp between 1598408349780 and 1598408389817;SELECT avg(p2) from kmeans where timestamp between 1598408349780 and 1598408389817;SELECT avg(p3) from kmeans where timestamp between 1598408349780 and 1598408389817;SELECT avg(p4) from kmeans where timestamp between 1598408349780 and 1598408389817;SELECT avg(p5) from kmeans where timestamp between 1598408349780 and 1598408389817;SELECT avg(p6) from kmeans where timestamp between 1598408349780 and 1598408389817;"
 
THREAD: 8
 
1598408394859
28.083494424819946
8.183934926986694
8.183933734893799
8.183936357498169
28.084262371063232
8.185102224349976
28.08699345588684
28.087536573410034
28.093315362930298
28.093316078186035
8.193772792816162
8.193773031234741
8.213770627975464
8.213769912719727
28.114407062530518
28.116997957229614
1598408426862
 
mysql -u root -pqazwsxedc mytestdb -ss -e "SELECT avg(p1) from kmeans where timestamp between 1598408394867 and 1598408426875;SELECT avg(p2) from kmeans where timestamp between 1598408394867 and 1598408426875;SELECT avg(p3) from kmeans where timestamp between 1598408394867 and 1598408426875;SELECT avg(p4) from kmeans where timestamp between 1598408394867 and 1598408426875;SELECT avg(p5) from kmeans where timestamp between 1598408394867 and 1598408426875;SELECT avg(p6) from kmeans where timestamp between 1598408394867 and 1598408426875;"
 
THREAD: 9
 
1598408431924
19.853846788406372
39.787394523620605
39.787325620651245
39.78779172897339
19.862951278686523
19.86382246017456
39.80720233917236
19.882908582687378
39.81715512275696
39.81706738471985
39.81852579116821
19.89375138282776
19.89517855644226
19.89598298072815
19.89894127845764
19.89973282814026
39.83701705932617
39.84720754623413
1598408476378
 
mysql -u root -pqazwsxedc mytestdb -ss -e "SELECT avg(p1) from kmeans where timestamp between 1598408431937 and 1598408476391;SELECT avg(p2) from kmeans where timestamp between 1598408431937 and 1598408476391;SELECT avg(p3) from kmeans where timestamp between 1598408431937 and 1598408476391;SELECT avg(p4) from kmeans where timestamp between 1598408431937 and 1598408476391;SELECT avg(p5) from kmeans where timestamp between 1598408431937 and 1598408476391;SELECT avg(p6) from kmeans where timestamp between 1598408431937 and 1598408476391;"
 
THREAD: 10
 
1598408481431
29.015540838241577
29.015540838241577
48.971200942993164
48.971299171447754
48.989646434783936
48.989688873291016
29.03505825996399
29.035370111465454
29.035606384277344
29.055045127868652
29.0557963848114
49.01823377609253
49.02823543548584
49.02823543548584
29.074982404708862
49.03820848464966
49.04815626144409
29.2249698638916
29.22497010231018
49.18958640098572
1598408535607
 
mysql -u root -pqazwsxedc mytestdb -ss -e "SELECT avg(p1) from kmeans where timestamp between 1598408481441 and 1598408535621;SELECT avg(p2) from kmeans where timestamp between 1598408481441 and 1598408535621;SELECT avg(p3) from kmeans where timestamp between 1598408481441 and 1598408535621;SELECT avg(p4) from kmeans where timestamp between 1598408481441 and 1598408535621;SELECT avg(p5) from kmeans where timestamp between 1598408481441 and 1598408535621;SELECT avg(p6) from kmeans where timestamp between 1598408481441 and 1598408535621;"
 
THREAD: 11
 
1598408540668
53.79177927970886
33.80421781539917
33.80576944351196
53.79388976097107
33.806365966796875
53.79449248313904
33.813857316970825
33.82384514808655
53.81192064285278
53.812116622924805
53.81715202331543
33.83104872703552
53.82743859291077
33.84389138221741
33.84388971328735
33.84388971328735
53.832560539245605
53.83726739883423
53.841132402420044
33.853880643844604
33.853880643844604
53.84215188026428
1598408599914
 
mysql -u root -pqazwsxedc mytestdb -ss -e "SELECT avg(p1) from kmeans where timestamp between 1598408540680 and 1598408599929;SELECT avg(p2) from kmeans where timestamp between 1598408540680 and 1598408599929;SELECT avg(p3) from kmeans where timestamp between 1598408540680 and 1598408599929;SELECT avg(p4) from kmeans where timestamp between 1598408540680 and 1598408599929;SELECT avg(p5) from kmeans where timestamp between 1598408540680 and 1598408599929;SELECT avg(p6) from kmeans where timestamp between 1598408540680 and 1598408599929;"
 
THREAD: 12
 
1598408604978
35.224005699157715
35.224679946899414
55.24636673927307
55.24663734436035
55.24686121940613
35.233322620391846
55.25516390800476
55.26436400413513
55.26494073867798
35.244001626968384
55.26538109779358
35.24460244178772
35.24485158920288
55.26676344871521
55.276668310165405
35.25639772415161
35.25680613517761
55.2866997718811
55.28676962852478
35.266167640686035
55.304399251937866
35.28339695930481
35.28384280204773
35.30335021018982
1598408666357
 
mysql -u root -pqazwsxedc mytestdb -ss -e "SELECT avg(p1) from kmeans where timestamp between 1598408604990 and 1598408666372;SELECT avg(p2) from kmeans where timestamp between 1598408604990 and 1598408666372;SELECT avg(p3) from kmeans where timestamp between 1598408604990 and 1598408666372;SELECT avg(p4) from kmeans where timestamp between 1598408604990 and 1598408666372;SELECT avg(p5) from kmeans where timestamp between 1598408604990 and 1598408666372;SELECT avg(p6) from kmeans where timestamp between 1598408604990 and 1598408666372;"
 
 
NODE: 3
 
THREAD: 1
 
1598408936108
18965
1598408955073
 
mysql -u root -pqazwsxedc mytestdb -ss -e "SELECT avg(p1) from kmeans where timestamp between 1598408936108 and 1598408955073;SELECT avg(p2) from kmeans where timestamp between 1598408936108 and 1598408955073;SELECT avg(p3) from kmeans where timestamp between 1598408936108 and 1598408955073;SELECT avg(p4) from kmeans where timestamp between 1598408936108 and 1598408955073;SELECT avg(p5) from kmeans where timestamp between 1598408936108 and 1598408955073;SELECT avg(p6) from kmeans where timestamp between 1598408936108 and 1598408955073;"
 
THREAD: 2
 
1598408960138
24740
1598408984878
 
mysql -u root -pqazwsxedc mytestdb -ss -e "SELECT avg(p1) from kmeans where timestamp between 1598408960138 and 1598408984878;SELECT avg(p2) from kmeans where timestamp between 1598408960138 and 1598408984878;SELECT avg(p3) from kmeans where timestamp between 1598408960138 and 1598408984878;SELECT avg(p4) from kmeans where timestamp between 1598408960138 and 1598408984878;SELECT avg(p5) from kmeans where timestamp between 1598408960138 and 1598408984878;SELECT avg(p6) from kmeans where timestamp between 1598408960138 and 1598408984878;"
 
THREAD: 3
 
1598408989939
27343
1598409017282
 
mysql -u root -pqazwsxedc mytestdb -ss -e "SELECT avg(p1) from kmeans where timestamp between 1598408989939 and 1598409017282;SELECT avg(p2) from kmeans where timestamp between 1598408989939 and 1598409017282;SELECT avg(p3) from kmeans where timestamp between 1598408989939 and 1598409017282;SELECT avg(p4) from kmeans where timestamp between 1598408989939 and 1598409017282;SELECT avg(p5) from kmeans where timestamp between 1598408989939 and 1598409017282;SELECT avg(p6) from kmeans where timestamp between 1598408989939 and 1598409017282;"
 
