SIZE: 600
1596269240632
 
1.2411038875579834
1.241685390472412
1.2531201839447021
1.2424931526184082
1.2424664497375488
1.249300241470337
1.2415001392364502
1.2481863498687744
1.2468924522399902
1.2403039932250977

1596269402026
 
SIZE: 720
1596269402047
 
2.1408798694610596
2.151731252670288
2.1582491397857666
2.15730357170105
2.1579437255859375
2.158067226409912
2.1578145027160645
2.1503829956054688
2.158046007156372
2.1586875915527344
 
1596269597854
 
SIZE: 840
1596269597879 and 1596269829932
 
3.4527640342712402
3.4397504329681396
3.4483165740966797
3.4508605003356934
3.4394452571868896
3.451209783554077
3.4515109062194824
3.440826416015625
3.4418094158172607
3.4214305877685547
 
1596269829932
 
SIZE: 960
1596269829953 and 1596270105047
 
5.1239800453186035
5.11806583404541
5.144740581512451
5.163466453552246
5.1498329639434814
5.122427940368652
5.1454551219940186
5.120185613632202
5.1193389892578125
5.147180557250977
 
1596270105047

SIZE: 2040
1596441284802

154.7859320640564
 
1596441477092
 
SIZE: 3000
1596444063605 and 1596444959063
1596444183605 and 1596444839063

586.7882995605469
 
1596444839063
 
SIZE: 3000
1596707114168 and 1596707989141
1596707234168
 
550.1731584072113
 
1596707869141
 
SIZE: 3000
1596708735353 and 1596709595679
1596708855353
 
550.2034428119659
 
1596709475679
 
