3
3
3
3
3
3
3
3
3
3
3
3
3
3
3
3
3
3
3
3
3
3
3
3
3
3
3
3
3.5
3.5
3.5
3.3
3.3
3.5
3.5
3.5
3.5
3.5
2.9
2.9
2.9
2.7
2.7
2.6
2.6
2.6
2.6
2.6
3
3
3
2.6
2.6
3
3
3
3
3
3
3
3
3
3
3
3
3
3
3
3
3
3
3.1
3.1
3
3
3
3
3
3
3
3
3
3
3
3
3
3
3
3
3
3
3.4
3.4
3.4
3.4
3.4
3.6
3.6
2.9
2.9
2.9
2.6
2.6
2.6
2.6
2.6
2.6
2.6
2.6
2.6
2.6
2.6
2.6
3
3
3
3
3
3
3
3
3
3
3
3
3
5.1
5.1
4.9
4.9
4.9
4.3
4.3
4.3
4.3
4.3
4.3
4.3
4.9
4.9
4.9
4.9
4.9
4.9
4.9
4.9
4.3
4.3
4.3
4.3
4.3
4.3
4.3
4.3
4.3
4.3
4.3
4.3
4.3
4.3
4.3
4.4
4.4
4.2
4.2
4.2
4.2
4.2
4.2
4.2
4.2
4.3
4.3
4.3
4.3
4.3
4.2
4.2
4.3
4.3
4.3
4.6
4.6
4.4
4.4
4.4
4.3
4.3
4.8
4.8
4.8
4.1
4.1
4.1
4.1
4.1
4.2
4.2
4.2
4.1
4.1
4.1
4.1
4.1
4.1
4.1
4.2
4.2
4.2
4.2
4.2
4.1
4.1
4.1
4.2
4.2
4.1
4.1
4.1
4.2
4.2
4.1
4.1
4.1
4.1
4.1
4.1
4.1
4.1
4.2
4.2
4.2
4.2
4.2
4.1
4.1
4.1
4.1
4.1
4.2
4.2
4.1
4.1
4.1
4.1
4.1
4.1
4.1
4.1
4.1
4.1
4.1
4.1
4.1
4.6
4.6
4.7
4.7
4.7
4.1
4.1
4.1
4.1
4.1
4.2
4.2
4.1
4.1
4.1
4.1
4.1
4.1
4.1
4.1
4
4
4
4
4
4.1
4.1
4.1
4.1
4.1
4.1
4.1
4.1
4.1
4.1
4.1
4.1
4
4
4
4
4
4.1
4.1
4.1
4.1
4.1
4.1
4.1
4.1
4.1
4.1
4
4
4
4.1
4.1
4.1
4.1
4.1
4.4
4.4
4.5
4.5
4.5
4.3
4.3
4.7
4.7
4.7
4.1
4.1
4.1
4.1
4.1
4.1
4.1
4.2
4.2
4.2
4.1
4.1
4.1
4.1
4.1
4.1
4.1
4
4
4
3.9
3.9
4.1
4.1
4.1
4.1
4.1
4
4
4
4.1
4.1
4
4
4
4
4
4
4
4
4
4
4.1
4.1
4.1
4
4
4
4.1
4.1
4.1
4.1
4.1
4.1
4.1
4.5
4.5
4.5
4.6
4.6
4.5
4.5
4.5
4.4
4.4
4
4
4
4.1
4.1
4.1
4.1
4.1
4
4
4
4
4
4
4
4
4
4
2.9
2.9
2.9
2.9
2.9
3
3
3
3
3
3
3
3
3
3
3
3
3
3
3
3
3
3
3
3
3
3
3.2
3.2
3.2
3.7
3.7
3.6
3.6
3.6
3.8
3.8
3.3
3.3
3.3
2.7
2.7
2.7
2.7
2.7
2.6
2.6
2.6
2.6
2.6
3
3
3
3
3
3
3
3
3
3
3
3
3
3
3
3
3
3
3
3
3
3
3
3
3
3
3
3
3
3
3.3
3.3
3.3
3
3
3
3
3
3.5
3.5
3
3
3
2.6
2.6
2.6
2.6
2.6
2.6
2.6
2.6
2.6
2.6
2.6
2.6
3
3
3
3
3
3
3
3
3
3
3
3
3
3
