3.3
3.3
3.3
3.2
3.2
3.2
3.3
3.3
3.2
3.2
3.2
3.2
3.2
3.3
3.3
3.3
3.3
3.3
3.3
3.3
3.3
3.3
3.3
3.9
3.9
3.9
3.4
3.4
3.5
3.5
3.5
3.8
3.8
3.7
3.7
3.7
3.3
3.3
2.9
2.9
2.9
2.9
2.9
2.9
2.9
2.9
2.9
2.9
3.2
3.2
3.2
3.2
3.2
3.3
3.3
3.3
3.2
3.2
3.2
3.2
3.2
3.2
3.2
3.2
3.2
3.2
3.3
3.3
3.2
3.2
3.2
3.2
3.2
3.2
3.2
3.2
3.2
3.2
3.3
3.3
3.3
3.2
3.2
3.3
3.3
3.3
3.9
3.9
3.1
3.1
3.1
2.9
2.9
2.9
2.9
2.9
2.9
2.9
3.1
3.1
3.1
3.2
3.2
3.2
3.2
3.2
3.2
3.2
3.2
3.2
3.2
3.2
3.2
3.2
3.2
3.2
3.2
3.2
3.2
3.2
3.2
3.3
3.3
3.3
3.3
3.3
6.2
6.2
5.3
5.3
5.3
5.3
5.3
6
6
6
6.2
6.2
5.7
5.7
5.7
5.2
5.2
5.2
5.2
5.2
5.2
5.2
5.3
5.3
5.3
5.3
5.3
5.3
5.3
5.3
5.3
5.3
5.3
5.3
5.3
5.3
5.3
5.3
5.3
5.3
5.3
5.3
5.3
5.3
5.3
5.3
5.3
5.3
5.3
5.3
5.3
5.3
5.3
5.3
5.3
5.3
5.3
5.3
5.3
5.3
5.3
5.3
5.3
5.3
5.3
5.3
5.3
5.3
5.7
5.7
5.6
5.6
5.6
5.9
5.9
5.9
5.9
5.9
5.9
5.9
5.9
5.9
5.9
5.3
5.3
5.3
5.3
5.3
5.3
5.3
5.3
5.3
5.3
5.3
5.3
5.3
5.3
5.3
5.3
5.3
5.3
5.3
5.3
5.3
5.3
5.3
5.3
5.3
5.3
5.3
5.3
5.3
5.3
5.3
5.3
5.3
5.3
5.3
5.3
5.3
5.3
5.3
5.3
5.3
5.3
5.3
5.3
5.3
5.3
5.3
5.3
5.3
5.3
5.3
5.3
5.8
5.8
5.8
5.9
5.9
5.8
5.8
5.8
5.7
5.7
5.6
5.6
5.6
5.7
5.7
5.3
5.3
5.3
5.3
5.3
5.3
5.3
5.3
5.3
5.3
5.3
5.3
5.3
5.3
5.3
5.3
5.3
5.3
5.3
5.3
5.3
5.3
5.3
5.3
5.3
4.5
4.5
4.5
5.3
5.3
5.3
5.3
5.3
5.3
5.3
4.5
4.5
4.5
5.3
5.3
5.3
5.3
5.3
5.3
5.3
5.9
5.9
5.9
5.9
5.9
6.2
6.2
6.2
5.3
5.3
5.3
5.3
5.3
5.3
5.3
5.3
5.3
5.3
5.3
5.3
5.3
5.3
5.3
4.5
4.5
4.5
4.5
4.5
5.3
5.3
5.3
4.6
4.6
5.2
5.2
5.2
5.1
5.1
5.2
5.2
5.2
5.2
5.2
5.1
5.1
5.1
4.4
4.4
5.2
5.2
5.2
5.2
5.2
5.1
5.1
5.1
4.5
4.5
5.1
5.1
5.1
5
5
5.1
5.1
5.1
4.7
4.7
5.1
5.1
5.1
5.1
5.1
5.1
5.1
5.1
5.3
5.3
4.7
4.7
4.7
5.7
5.7
5.5
5.5
5.5
4.1
4.1
2.9
2.9
2.9
2.9
2.9
2.9
2.9
2.9
2.9
2.9
3.3
3.3
3.3
3.3
3.3
3.3
3.3
3.3
3.3
3.3
3.3
3.3
3.3
3.2
3.2
3.3
3.3
3.3
3.3
3.3
3.3
3.3
3.3
3.3
3.3
3.2
3.2
3.2
3.8
3.8
4
4
4
4
4
3.3
3.3
3.3
3.7
3.7
2.9
2.9
2.9
2.9
2.9
2.9
2.9
2.9
2.9
2.9
2.9
3.3
3.3
3.2
3.2
3.2
3.2
3.2
3.3
3.3
3.3
3.2
3.2
3.3
3.3
3.3
3.3
3.3
3.3
3.3
3.3
3.3
3.3
3.3
3.3
3.3
3.3
3.3
3.3
3.3
3.3
3.2
3.2
3.3
3.3
3.3
3.3
3.3
3.3
3.3
3.3
4.1
4.1
3.3
3.3
3.3
3.8
3.8
3.7
3.7
3.7
3.8
3.8
2.9
2.9
2.9
2.9
