192.168.50.150
API server port: 8000
MySQL Connection Successful!
telnet connect enter
mytestdb: Error or database already exists. Continuing...
Working Database changed to mytestdb
Error or table already exists: Power. Continuing...
Updating data...
Inserted successfully : Power
Updating data...
Inserted successfully : Power
Updating data...
Inserted successfully : Power
Updating data...
Inserted successfully : Power
Updating data...
Inserted successfully : Power
Updating data...
Inserted successfully : Power
Updating data...
Inserted successfully : Power
Updating data...
Inserted successfully : Power
Updating data...
Inserted successfully : Power
Updating data...
Inserted successfully : Power
Updating data...
Inserted successfully : Power
Updating data...
Inserted successfully : Power
Updating data...
Inserted successfully : Power
Updating data...
Inserted successfully : Power
Updating data...
Inserted successfully : Power
Terminated
